2015/03/26 21:36:14 [error] [exception.CDbException] exception 'CDbException' with message 'CDbConnection failed to open the DB connection: SQLSTATE[HY000] [1049] Unknown database 'testdrive'' in C:\xampp\htdocs\Yii\framework\db\CDbConnection.php:382
Stack trace:
#0 C:\xampp\htdocs\Yii\framework\db\CDbConnection.php(330): CDbConnection->open()
#1 C:\xampp\htdocs\Yii\framework\db\CDbConnection.php(308): CDbConnection->setActive(true)
#2 C:\xampp\htdocs\Yii\framework\base\CModule.php(387): CDbConnection->init()
#3 C:\xampp\htdocs\Yii\framework\base\CModule.php(103): CModule->getComponent('db')
#4 C:\xampp\htdocs\Yii\framework\gii\generators\model\ModelCode.php(60): CModule->__get('db')
#5 C:\xampp\htdocs\Yii\framework\web\CFormModel.php(39): ModelCode->init()
#6 C:\xampp\htdocs\Yii\framework\gii\CCodeGenerator.php(153): CFormModel->__construct()
#7 C:\xampp\htdocs\Yii\framework\gii\CCodeGenerator.php(63): CCodeGenerator->prepare()
#8 C:\xampp\htdocs\Yii\framework\web\actions\CInlineAction.php(49): CCodeGenerator->actionIndex()
#9 C:\xampp\htdocs\Yii\framework\web\CController.php(308): CInlineAction->runWithParams(Array)
#10 C:\xampp\htdocs\Yii\framework\web\CController.php(286): CController->runAction(Object(CInlineAction))
#11 C:\xampp\htdocs\Yii\framework\web\CController.php(265): CController->runActionWithFilters(Object(CInlineAction), Array)
#12 C:\xampp\htdocs\Yii\framework\web\CWebApplication.php(282): CController->run('index')
#13 C:\xampp\htdocs\Yii\framework\web\CWebApplication.php(141): CWebApplication->runController('gii/model/index')
#14 C:\xampp\htdocs\Yii\framework\base\CApplication.php(180): CWebApplication->processRequest()
#15 C:\xampp\htdocs\Yii\ANFP-TISW\index.php(13): CApplication->run()
#16 {main}
REQUEST_URI=/yii/ANFP-TISW/index.php/gii/model/index
HTTP_REFERER=http://localhost:200/yii/ANFP-TISW/index.php/gii/default/index
---
2015/03/26 21:51:11 [error] [exception.CHttpException.404] exception 'CHttpException' with message 'Unable to resolve the request "tecnico/admin".' in C:\xampp\htdocs\Yii\framework\web\CWebApplication.php:286
Stack trace:
#0 C:\xampp\htdocs\Yii\framework\web\CWebApplication.php(141): CWebApplication->runController('tecnico/admin')
#1 C:\xampp\htdocs\Yii\framework\base\CApplication.php(180): CWebApplication->processRequest()
#2 C:\xampp\htdocs\Yii\ANFP-TISW\index.php(13): CApplication->run()
#3 {main}
REQUEST_URI=/yii/ANFP-TISW/index.php/tecnico/admin
---
2015/03/26 21:51:15 [error] [exception.CHttpException.404] exception 'CHttpException' with message 'Unable to resolve the request "tecnico".' in C:\xampp\htdocs\Yii\framework\web\CWebApplication.php:286
Stack trace:
#0 C:\xampp\htdocs\Yii\framework\web\CWebApplication.php(141): CWebApplication->runController('tecnico')
#1 C:\xampp\htdocs\Yii\framework\base\CApplication.php(180): CWebApplication->processRequest()
#2 C:\xampp\htdocs\Yii\ANFP-TISW\index.php(13): CApplication->run()
#3 {main}
REQUEST_URI=/yii/ANFP-TISW/index.php/tecnico/
---
2015/03/26 21:51:40 [error] [exception.CHttpException.404] exception 'CHttpException' with message 'Unable to resolve the request "afp".' in C:\xampp\htdocs\Yii\framework\web\CWebApplication.php:286
Stack trace:
#0 C:\xampp\htdocs\Yii\framework\web\CWebApplication.php(141): CWebApplication->runController('afp')
#1 C:\xampp\htdocs\Yii\framework\base\CApplication.php(180): CWebApplication->processRequest()
#2 C:\xampp\htdocs\Yii\ANFP-TISW\index.php(13): CApplication->run()
#3 {main}
REQUEST_URI=/yii/ANFP-TISW/index.php/afp
---
2015/03/26 21:51:48 [error] [exception.CHttpException.404] exception 'CHttpException' with message 'Unable to resolve the request "afp/admin".' in C:\xampp\htdocs\Yii\framework\web\CWebApplication.php:286
Stack trace:
#0 C:\xampp\htdocs\Yii\framework\web\CWebApplication.php(141): CWebApplication->runController('afp/admin')
#1 C:\xampp\htdocs\Yii\framework\base\CApplication.php(180): CWebApplication->processRequest()
#2 C:\xampp\htdocs\Yii\ANFP-TISW\index.php(13): CApplication->run()
#3 {main}
REQUEST_URI=/yii/ANFP-TISW/index.php/afp/admin
---
